0 verbose cli /usr/local/bin/node /usr/local/bin/npm
1 info using npm@10.8.1
2 info using node@v20.14.0
3 silly config load:file:/usr/local/lib/node_modules/npm/npmrc
4 silly config load:file:/Users/shan/Desktop/movie project/.npmrc
5 silly config load:file:/Users/shan/.npmrc
6 silly config load:file:/usr/local/etc/npmrc
7 verbose title npm run lint node_modules/.cache/eslint/
8 verbose argv "run" "lint" "--cache" "--cache-location" "node_modules/.cache/eslint/"
9 verbose logfile logs-max:10 dir:/Users/shan/Desktop/movie project/--cache-location/_logs/2024-08-22T07_15_38_849Z-
10 verbose logfile /Users/shan/Desktop/movie project/--cache-location/_logs/2024-08-22T07_15_38_849Z-debug-0.log
11 silly logfile done cleaning log files
12 verbose stack Error: Missing script: "lint"
12 verbose stack
12 verbose stack Did you mean this?
12 verbose stack   npm link # Symlink a package folder
12 verbose stack
12 verbose stack To see a list of scripts, run:
12 verbose stack   npm run
12 verbose stack     at #run (/usr/local/lib/node_modules/npm/lib/commands/run-script.js:110:13)
12 verbose stack     at async RunScript.exec (/usr/local/lib/node_modules/npm/lib/commands/run-script.js:39:7)
12 verbose stack     at async Npm.exec (/usr/local/lib/node_modules/npm/lib/npm.js:207:9)
12 verbose stack     at async module.exports (/usr/local/lib/node_modules/npm/lib/cli/entry.js:74:5)
13 error Missing script: "lint"
13 error
13 error Did you mean this?
13 error   npm link # Symlink a package folder
13 error
13 error To see a list of scripts, run:
13 error   npm run
14 verbose cwd /Users/shan/Desktop/movie project
15 verbose os Darwin 23.4.0
16 verbose node v20.14.0
17 verbose npm  v10.8.1
18 verbose exit 1
19 verbose code 1
20 error A complete log of this run can be found in: /Users/shan/Desktop/movie project/--cache-location/_logs/2024-08-22T07_15_38_849Z-debug-0.log
